#
# A fatal error has been detected by the Java Runtime Environment:
#
#  EXCEPTION_ACCESS_VIOLATION (0xc0000005) at pc=0x000000005ab91dc5, pid=1844, tid=0x00000000000030d8
#
# JRE version: Java(TM) SE Runtime Environment (8.0_112-b15) (build 1.8.0_112-b15)
# Java VM: Java HotSpot(TM) 64-Bit Server VM (25.112-b15 mixed mode windows-amd64 compressed oops)
# Problematic frame:
# C  [awt.dll+0x91dc5]
#
# Failed to write core dump. Minidumps are not enabled by default on client versions of Windows
#
# If you would like to submit a bug report, please visit:
#   http://bugreport.java.com/bugreport/crash.jsp
# The crash happened outside the Java Virtual Machine in native code.
# See problematic frame for where to report the bug.
#

---------------  T H R E A D  ---------------

Current thread (0x000000001b710000):  JavaThread "AWT-Windows" daemon [_thread_in_native, id=12504, stack(0x000000001c020000,0x000000001c120000)]

siginfo: ExceptionCode=0xc0000005, reading address 0xffffffffffffffff

Registers:
RAX=0x12e37431ffff001d, RBX=0x0000000000000000, RCX=0x12e37431ffff001d, RDX=0x000000005abe9b60
RSP=0x000000001c11eae0, RBP=0x000000001c11eb99, RSI=0x0000000000000111, RDI=0x000000001b7101f8
R8 =0x0000000000000000, R9 =0x0000000000000000, R10=0x000000005ac07df8, R11=0x0000000000000001
R12=0x000000001b9c9740, R13=0x000000000000010d, R14=0x000000000000a220, R15=0x0000000000000000
RIP=0x000000005ab91dc5, EFLAGS=0x0000000000010206

Top of Stack: (sp=0x000000001c11eae0)
0x000000001c11eae0:   0000000000000000 0000000000000000
0x000000001c11eaf0:   000000001a92a4f0 0000000059f49561
0x000000001c11eb00:   000000001b9c97c8 000000005ab941bd
0x000000001c11eb10:   000000001b9c97c8 0000000000000111
0x000000001c11eb20:   0000000000000000 000000005ab9084e
0x000000001c11eb30:   0000000000000001 000000002414cba8
0x000000001c11eb40:   000000001b710000 000000001a7f4878
0x000000001c11eb50:   0000000000000000 00000000000003d8
0x000000001c11eb60:   0000000000000001 0000000000000000
0x000000001c11eb70:   000000005a3f5438 000000001b7101f8
0x000000001c11eb80:   fffffffffffffffe 000000001b9c97c8
0x000000001c11eb90:   0000000000000000 0000000080006011
0x000000001c11eba0:   00001994cf8f34ac 000000001b710000
0x000000001c11ebb0:   0000000000000000 0000000000000000
0x000000001c11ebc0:   0000000000000000 0000000000000111
0x000000001c11ebd0:   000000000000a220 000000000000a220 

Instructions: (pc=0x000000005ab91dc5)
0x000000005ab91da5:   4d 85 c0 75 23 48 8d 0d bf c3 0b 00 e8 aa 89 03
0x000000005ab91db5:   00 48 8b c8 48 85 c0 75 07 b8 02 00 00 00 eb 29
0x000000005ab91dc5:   48 8b 00 ff 50 10 eb f1 49 8b c8 e8 8b e9 ff ff
0x000000005ab91dd5:   48 85 c0 74 0f 4c 8b 00 8b d3 48 8b c8 41 ff 90 


Register to memory mapping:

RAX=0x12e37431ffff001d is an unknown value
RBX=0x0000000000000000 is an unknown value
RCX=0x12e37431ffff001d is an unknown value
RDX=0x000000005abe9b60 is an unknown value
RSP=0x000000001c11eae0 is pointing into the stack for thread: 0x000000001b710000
RBP=0x000000001c11eb99 is pointing into the stack for thread: 0x000000001b710000
RSI=0x0000000000000111 is an unknown value
RDI=0x000000001b7101f8 is an unknown value
R8 =0x0000000000000000 is an unknown value
R9 =0x0000000000000000 is an unknown value
R10=0x000000005ac07df8 is an unknown value
R11=0x0000000000000001 is an unknown value
R12=0x000000001b9c9740 is an unknown value
R13=0x000000000000010d is an unknown value
R14=0x000000000000a220 is an unknown value
R15=0x0000000000000000 is an unknown value


Stack: [0x000000001c020000,0x000000001c120000],  sp=0x000000001c11eae0,  free space=1018k
Native frames: (J=compiled Java code, j=interpreted, Vv=VM code, C=native code)
C  [awt.dll+0x91dc5]
C  [awt.dll+0x941bd]
C  [awt.dll+0xd3b55]
C  [awt.dll+0xa7c73]
C  [awt.dll+0x9084e]
C  [USER32.dll+0x16cc1]
C  [USER32.dll+0x1688b]
C  [awt.dll+0x150d4]
C  [COMCTL32.dll+0x2d9c7]
C  [COMCTL32.dll+0x2d802]
C  [USER32.dll+0x16cc1]
C  [USER32.dll+0x16693]
C  [awt.dll+0xcc72c]
C  [awt.dll+0xcc9db]
C  0x0000000003847f74

Java frames: (J=compiled Java code, j=interpreted, Vv=VM code)
j  sun.awt.windows.WToolkit.eventLoop()V+0
j  sun.awt.windows.WToolkit.run()V+58
j  java.lang.Thread.run()V+11
v  ~StubRoutines::call_stub

---------------  P R O C E S S  ---------------

Java Threads: ( => current thread )
  0x000000001b8b1000 JavaThread "Abandoned connection cleanup thread" daemon [_thread_blocked, id=7776, stack(0x00000000263c0000,0x00000000264c0000)]
  0x000000001bdb5800 JavaThread "TimerQueue" daemon [_thread_blocked, id=12844, stack(0x0000000026070000,0x0000000026170000)]
  0x0000000024773000 JavaThread "D3D Screen Updater" daemon [_thread_blocked, id=11124, stack(0x0000000025610000,0x0000000025710000)]
  0x000000000338d800 JavaThread "DestroyJavaVM" [_thread_blocked, id=8636, stack(0x0000000003270000,0x0000000003370000)]
  0x000000001b713000 JavaThread "AWT-EventQueue-0" [_thread_in_native, id=6100, stack(0x000000001c180000,0x000000001c280000)]
=>0x000000001b710000 JavaThread "AWT-Windows" daemon [_thread_in_native, id=12504, stack(0x000000001c020000,0x000000001c120000)]
  0x000000001b709800 JavaThread "AWT-Shutdown" [_thread_blocked, id=11524, stack(0x000000001bf20000,0x000000001c020000)]
  0x000000001aaef800 JavaThread "Java2D Disposer" daemon [_thread_blocked, id=1488, stack(0x000000001be20000,0x000000001bf20000)]
  0x000000001a7e3000 JavaThread "Service Thread" daemon [_thread_blocked, id=12540, stack(0x000000001b280000,0x000000001b380000)]
  0x000000001a7b2000 JavaThread "C1 CompilerThread3" daemon [_thread_blocked, id=8024, stack(0x000000001b180000,0x000000001b280000)]
  0x000000001a79c800 JavaThread "C2 CompilerThread2" daemon [_thread_blocked, id=11240, stack(0x000000001b080000,0x000000001b180000)]
  0x000000001a799000 JavaThread "C2 CompilerThread1" daemon [_thread_blocked, id=4596, stack(0x000000001af80000,0x000000001b080000)]
  0x000000001a794800 JavaThread "C2 CompilerThread0" daemon [_thread_blocked, id=5136, stack(0x000000001ae80000,0x000000001af80000)]
  0x000000001a793000 JavaThread "Attach Listener" daemon [_thread_blocked, id=7772, stack(0x000000001ad80000,0x000000001ae80000)]
  0x000000001883d800 JavaThread "Signal Dispatcher" daemon [_thread_blocked, id=11452, stack(0x000000001ac80000,0x000000001ad80000)]
  0x000000001a730800 JavaThread "Finalizer" daemon [_thread_blocked, id=5608, stack(0x000000001ab10000,0x000000001ac10000)]
  0x0000000003827000 JavaThread "Reference Handler" daemon [_thread_blocked, id=3764, stack(0x000000001a610000,0x000000001a710000)]

Other Threads:
  0x0000000018829800 VMThread [stack: 0x000000001a510000,0x000000001a610000] [id=1008]
  0x000000001a893800 WatcherThread [stack: 0x000000001b380000,0x000000001b480000] [id=12396]

VM state:not at safepoint (normal execution)

VM Mutex/Monitor currently owned by a thread: None

Heap:
 PSYoungGen      total 38400K, used 32560K [0x00000000d5980000, 0x00000000d8400000, 0x0000000100000000)
  eden space 33280K, 97% used [0x00000000d5980000,0x00000000d794c290,0x00000000d7a00000)
  from space 5120K, 0% used [0x00000000d7f00000,0x00000000d7f00000,0x00000000d8400000)
  to   space 5120K, 0% used [0x00000000d7a00000,0x00000000d7a00000,0x00000000d7f00000)
 ParOldGen       total 87552K, used 0K [0x0000000080c00000, 0x0000000086180000, 0x00000000d5980000)
  object space 87552K, 0% used [0x0000000080c00000,0x0000000080c00000,0x0000000086180000)
 Metaspace       used 15848K, capacity 16048K, committed 16384K, reserved 1062912K
  class space    used 1906K, capacity 1997K, committed 2048K, reserved 1048576K

Card table byte_map: [0x0000000012bf0000,0x0000000012ff0000] byte_map_base: 0x00000000127ea000

Marking Bits: (ParMarkBitMap*) 0x000000005a61a6d0
 Begin Bits: [0x0000000013aa0000, 0x0000000015a70000)
 End Bits:   [0x0000000015a70000, 0x0000000017a40000)

Polling page: 0x0000000003370000

CodeCache: size=245760Kb used=4585Kb max_used=4596Kb free=241174Kb
 bounds [0x0000000003830000, 0x0000000003cc0000, 0x0000000012830000]
 total_blobs=1993 nmethods=1418 adapters=487
 compilation: enabled

Compilation events (10 events):
Event: 166.949 Thread 0x000000001a7b2000 1427       3       javax.swing.JComponent::paintBorder (28 bytes)
Event: 166.950 Thread 0x000000001a7b2000 nmethod 1427 0x0000000003cab590 code [0x0000000003cab720, 0x0000000003cabc08]
Event: 177.323 Thread 0x000000001a7b2000 1429   !   3       java.awt.KeyboardFocusManager::getGlobalFocusOwner (20 bytes)
Event: 177.323 Thread 0x000000001a7b2000 nmethod 1429 0x0000000003cabd50 code [0x0000000003cabf00, 0x0000000003cac388]
Event: 270.206 Thread 0x000000001a799000 1430       4       java.lang.ref.ReferenceQueue::reallyPoll (66 bytes)
Event: 270.207 Thread 0x000000001a799000 nmethod 1430 0x00000000039324d0 code [0x0000000003932600, 0x0000000003932678]
Event: 421.827 Thread 0x000000001a79c800 1431       4       java.util.Arrays::copyOf (46 bytes)
Event: 421.829 Thread 0x000000001a79c800 nmethod 1431 0x0000000003cad650 code [0x0000000003cad7a0, 0x0000000003cadb38]
Event: 468.625 Thread 0x000000001a7b2000 1432       1       sun.awt.Win32GraphicsConfig::getDevice (5 bytes)
Event: 468.625 Thread 0x000000001a7b2000 nmethod 1432 0x0000000003cad390 code [0x0000000003cad4e0, 0x0000000003cad5f0]

GC Heap History (0 events):
No events

Deoptimization events (10 events):
Event: 0.532 Thread 0x000000001b713000 Uncommon trap: reason=unstable_if action=reinterpret pc=0x0000000003ac7250 method=java.lang.Character.isSurrogate(C)Z @ 3
Event: 0.532 Thread 0x000000001b713000 Uncommon trap: reason=unstable_if action=reinterpret pc=0x0000000003a114bc method=java.lang.String.toLowerCase(Ljava/util/Locale;)Ljava/lang/String; @ 37
Event: 0.637 Thread 0x000000001b713000 Uncommon trap: reason=predicate action=maybe_recompile pc=0x0000000003a25bf0 method=java.util.ArrayList.indexOf(Ljava/lang/Object;)I @ 44
Event: 15.913 Thread 0x000000001b713000 Uncommon trap: reason=bimorphic action=maybe_recompile pc=0x0000000003b62194 method=java.util.HashMap.getNode(ILjava/lang/Object;)Ljava/util/HashMap$Node; @ 126
Event: 15.913 Thread 0x000000001b713000 Uncommon trap: reason=bimorphic action=maybe_recompile pc=0x0000000003b62194 method=java.util.HashMap.getNode(ILjava/lang/Object;)Ljava/util/HashMap$Node; @ 126
Event: 15.913 Thread 0x000000001b713000 Uncommon trap: reason=unstable_if action=reinterpret pc=0x0000000003aab6d0 method=java.lang.ThreadLocal$ThreadLocalMap.getEntry(Ljava/lang/ThreadLocal;)Ljava/lang/ThreadLocal$ThreadLocalMap$Entry; @ 21
Event: 15.917 Thread 0x000000001b713000 Uncommon trap: reason=unstable_if action=reinterpret pc=0x0000000003a40824 method=java.io.WinNTFileSystem.normalize(Ljava/lang/String;)Ljava/lang/String; @ 40
Event: 15.917 Thread 0x000000001b713000 Uncommon trap: reason=bimorphic action=maybe_recompile pc=0x0000000003b62194 method=java.util.HashMap.getNode(ILjava/lang/Object;)Ljava/util/HashMap$Node; @ 126
Event: 15.918 Thread 0x000000001b713000 Uncommon trap: reason=bimorphic action=maybe_recompile pc=0x0000000003b62194 method=java.util.HashMap.getNode(ILjava/lang/Object;)Ljava/util/HashMap$Node; @ 126
Event: 16.050 Thread 0x000000001b713000 Uncommon trap: reason=unstable_if action=reinterpret pc=0x0000000003a2b8c0 method=java.lang.String.indexOf([CII[CIII)I @ 3

Internal exceptions (10 events):
Event: 0.026 Thread 0x000000000338d800 Exception <a 'java/lang/NoSuchMethodError': Method sun.misc.Unsafe.prefetchRead(Ljava/lang/Object;J)V name or signature does not match> (0x00000000d5987f60) thrown at [C:\re\workspace\8-2-build-windows-amd64-cygwin\jdk8u112\7884\hotspot\src\share\vm\prims
Event: 0.082 Thread 0x000000000338d800 Exception <a 'java/security/PrivilegedActionException'> (0x00000000d5a5daa8) thrown at [C:\re\workspace\8-2-build-windows-amd64-cygwin\jdk8u112\7884\hotspot\src\share\vm\prims\jvm.cpp, line 1390]
Event: 0.082 Thread 0x000000000338d800 Exception <a 'java/security/PrivilegedActionException'> (0x00000000d5a5dcb8) thrown at [C:\re\workspace\8-2-build-windows-amd64-cygwin\jdk8u112\7884\hotspot\src\share\vm\prims\jvm.cpp, line 1390]
Event: 0.083 Thread 0x000000000338d800 Exception <a 'java/security/PrivilegedActionException'> (0x00000000d5a61b10) thrown at [C:\re\workspace\8-2-build-windows-amd64-cygwin\jdk8u112\7884\hotspot\src\share\vm\prims\jvm.cpp, line 1390]
Event: 0.083 Thread 0x000000000338d800 Exception <a 'java/security/PrivilegedActionException'> (0x00000000d5a61d20) thrown at [C:\re\workspace\8-2-build-windows-amd64-cygwin\jdk8u112\7884\hotspot\src\share\vm\prims\jvm.cpp, line 1390]
Event: 0.093 Thread 0x000000000338d800 Exception <a 'java/io/FileNotFoundException'> (0x00000000d5a94bd8) thrown at [C:\re\workspace\8-2-build-windows-amd64-cygwin\jdk8u112\7884\hotspot\src\share\vm\prims\jni.cpp, line 709]
Event: 0.117 Thread 0x000000000338d800 Exception <a 'java/lang/NoSuchFieldError': method resolution failed> (0x00000000d5c095a0) thrown at [C:\re\workspace\8-2-build-windows-amd64-cygwin\jdk8u112\7884\hotspot\src\share\vm\prims\methodHandles.cpp, line 1146]
Event: 0.118 Thread 0x000000000338d800 Exception <a 'java/lang/NoSuchFieldError': method resolution failed> (0x00000000d5c16970) thrown at [C:\re\workspace\8-2-build-windows-amd64-cygwin\jdk8u112\7884\hotspot\src\share\vm\prims\methodHandles.cpp, line 1146]
Event: 0.159 Thread 0x000000001b713000 Exception <a 'java/io/FileNotFoundException'> (0x00000000d5d75118) thrown at [C:\re\workspace\8-2-build-windows-amd64-cygwin\jdk8u112\7884\hotspot\src\share\vm\prims\jni.cpp, line 709]
Event: 15.913 Thread 0x000000001b713000 Implicit null exception at 0x0000000003aab63b to 0x0000000003aab6b1

Events (10 events):
Event: 468.576 loading class sun/awt/windows/WToolkit$3
Event: 468.576 loading class sun/awt/windows/WToolkit$3 done
Event: 468.576 loading class java/util/WeakHashMap$KeyIterator
Event: 468.576 loading class java/util/WeakHashMap$HashIterator
Event: 468.577 loading class java/util/WeakHashMap$HashIterator done
Event: 468.577 loading class java/util/WeakHashMap$KeyIterator done
Event: 468.591 loading class javax/swing/RepaintManager$DisplayChangedRunnable
Event: 468.591 loading class javax/swing/RepaintManager$DisplayChangedRunnable done
Event: 468.645 loading class sun/java2d/pipe/hw/AccelDeviceEventNotifier
Event: 468.645 loading class sun/java2d/pipe/hw/AccelDeviceEventNotifier done


Dynamic libraries:
0x00007ff7ef530000 - 0x00007ff7ef567000 	E:\MyEclipse2017CI\binary\com.sun.java.jdk8.win32.x86_64_1.8.0.v112\bin\javaw.exe
0x00007ff8c2e70000 - 0x00007ff8c3051000 	C:\WINDOWS\SYSTEM32\ntdll.dll
0x00007ff8c2a90000 - 0x00007ff8c2b42000 	C:\WINDOWS\System32\KERNEL32.DLL
0x00007ff8bf240000 - 0x00007ff8bf4b3000 	C:\WINDOWS\System32\KERNELBASE.dll
0x00007ff8c1250000 - 0x00007ff8c12f1000 	C:\WINDOWS\System32\ADVAPI32.dll
0x00007ff8c28f0000 - 0x00007ff8c298e000 	C:\WINDOWS\System32\msvcrt.dll
0x00007ff8c0300000 - 0x00007ff8c035b000 	C:\WINDOWS\System32\sechost.dll
0x00007ff8c0c00000 - 0x00007ff8c0d24000 	C:\WINDOWS\System32\RPCRT4.dll
0x00007ff8c1060000 - 0x00007ff8c11f0000 	C:\WINDOWS\System32\USER32.dll
0x00007ff8bfe30000 - 0x00007ff8bfe50000 	C:\WINDOWS\System32\win32u.dll
0x00007ff8c2990000 - 0x00007ff8c29b8000 	C:\WINDOWS\System32\GDI32.dll
0x00007ff8bfe50000 - 0x00007ff8bffe2000 	C:\WINDOWS\System32\gdi32full.dll
0x00007ff8bfff0000 - 0x00007ff8c008f000 	C:\WINDOWS\System32\msvcp_win.dll
0x00007ff8bfcd0000 - 0x00007ff8bfdca000 	C:\WINDOWS\System32\ucrtbase.dll
0x00007ff8b6550000 - 0x00007ff8b67b9000 	C:\WINDOWS\WinSxS\amd64_microsoft.windows.common-controls_6595b64144ccf1df_6.0.17134.165_none_fb429645306569ac\COMCTL32.dll
0x00007ff8c0d30000 - 0x00007ff8c1053000 	C:\WINDOWS\System32\combase.dll
0x00007ff8c0090000 - 0x00007ff8c010a000 	C:\WINDOWS\System32\bcryptPrimitives.dll
0x00007ff8c0700000 - 0x00007ff8c072d000 	C:\WINDOWS\System32\IMM32.DLL
0x00007ff8bf110000 - 0x00007ff8bf17e000 	C:\WINDOWS\System32\dtrampo.dll
0x000000005a6a0000 - 0x000000005a772000 	E:\MyEclipse2017CI\binary\com.sun.java.jdk8.win32.x86_64_1.8.0.v112\jre\bin\msvcr100.dll
0x0000000059e00000 - 0x000000005a69a000 	E:\MyEclipse2017CI\binary\com.sun.java.jdk8.win32.x86_64_1.8.0.v112\jre\bin\server\jvm.dll
0x00007ff8c2bd0000 - 0x00007ff8c2bd8000 	C:\WINDOWS\System32\PSAPI.DLL
0x00007ff8b78d0000 - 0x00007ff8b78d9000 	C:\WINDOWS\SYSTEM32\WSOCK32.dll
0x00007ff8c2b50000 - 0x00007ff8c2bbc000 	C:\WINDOWS\System32\WS2_32.dll
0x00007ff8b8350000 - 0x00007ff8b8373000 	C:\WINDOWS\SYSTEM32\WINMM.dll
0x00007ff8b9fd0000 - 0x00007ff8b9fda000 	C:\WINDOWS\SYSTEM32\VERSION.dll
0x00007ff8b8320000 - 0x00007ff8b834a000 	C:\WINDOWS\SYSTEM32\WINMMBASE.dll
0x00007ff8bf570000 - 0x00007ff8bf5b9000 	C:\WINDOWS\System32\cfgmgr32.dll
0x0000000059df0000 - 0x0000000059dff000 	E:\MyEclipse2017CI\binary\com.sun.java.jdk8.win32.x86_64_1.8.0.v112\jre\bin\verify.dll
0x0000000059dc0000 - 0x0000000059de9000 	E:\MyEclipse2017CI\binary\com.sun.java.jdk8.win32.x86_64_1.8.0.v112\jre\bin\java.dll
0x0000000059da0000 - 0x0000000059db6000 	E:\MyEclipse2017CI\binary\com.sun.java.jdk8.win32.x86_64_1.8.0.v112\jre\bin\zip.dll
0x00007ff8c13a0000 - 0x00007ff8c27e0000 	C:\WINDOWS\System32\SHELL32.dll
0x00007ff8c0360000 - 0x00007ff8c0409000 	C:\WINDOWS\System32\shcore.dll
0x00007ff8bf5c0000 - 0x00007ff8bfccd000 	C:\WINDOWS\System32\windows.storage.dll
0x00007ff8c11f0000 - 0x00007ff8c1241000 	C:\WINDOWS\System32\shlwapi.dll
0x00007ff8bf200000 - 0x00007ff8bf211000 	C:\WINDOWS\System32\kernel.appcore.dll
0x00007ff8bf1d0000 - 0x00007ff8bf1ef000 	C:\WINDOWS\System32\profapi.dll
0x00007ff8bf180000 - 0x00007ff8bf1cc000 	C:\WINDOWS\System32\powrprof.dll
0x00007ff8bf1f0000 - 0x00007ff8bf1fa000 	C:\WINDOWS\System32\FLTLIB.DLL
0x000000005ab00000 - 0x000000005ac98000 	E:\MyEclipse2017CI\binary\com.sun.java.jdk8.win32.x86_64_1.8.0.v112\jre\bin\awt.dll
0x000000001b480000 - 0x000000001b542000 	C:\WINDOWS\System32\OLEAUT32.dll
0x00007ff8bd120000 - 0x00007ff8bd1ab000 	C:\WINDOWS\SYSTEM32\apphelp.dll
0x00007ff8bd710000 - 0x00007ff8bd7a8000 	C:\WINDOWS\system32\uxtheme.dll
0x00007ff8c0580000 - 0x00007ff8c06f5000 	C:\WINDOWS\System32\MSCTF.dll
0x00007ff8c0410000 - 0x00007ff8c0561000 	C:\WINDOWS\System32\ole32.dll
0x00007ff8bd920000 - 0x00007ff8bd949000 	C:\WINDOWS\system32\dwmapi.dll
0x00007ff8762c0000 - 0x00007ff8763e0000 	C:\WINDOWS\system32\opengl32.dll
0x00007ff8b6bd0000 - 0x00007ff8b6bfc000 	C:\WINDOWS\SYSTEM32\GLU32.dll
0x00007ff8ae040000 - 0x00007ff8ae1d7000 	C:\WINDOWS\system32\d3d9.dll
0x00007ff8af080000 - 0x00007ff8af16b000 	C:\WINDOWS\System32\DriverStore\FileRepository\nvdmi.inf_amd64_5a184893dfb38fc1\nvldumdx.dll
0x000000001cd20000 - 0x000000001cf02000 	C:\WINDOWS\System32\crypt32.dll
0x000000001c280000 - 0x000000001c292000 	C:\WINDOWS\System32\MSASN1.dll
0x00007ff8bfdd0000 - 0x00007ff8bfe27000 	C:\WINDOWS\System32\WINTRUST.DLL
0x00007ff8c27e0000 - 0x00007ff8c27fd000 	C:\WINDOWS\System32\imagehlp.dll
0x00007ff8beb40000 - 0x00007ff8beb57000 	C:\WINDOWS\SYSTEM32\CRYPTSP.dll
0x00007ff8be510000 - 0x00007ff8be543000 	C:\WINDOWS\system32\rsaenh.dll
0x00007ff8bec70000 - 0x00007ff8bec95000 	C:\WINDOWS\SYSTEM32\bcrypt.dll
0x00007ff8beb60000 - 0x00007ff8beb6b000 	C:\WINDOWS\SYSTEM32\CRYPTBASE.dll
0x00007ff86fbb0000 - 0x00007ff870dd7000 	C:\WINDOWS\System32\DriverStore\FileRepository\nvdmi.inf_amd64_5a184893dfb38fc1\nvd3dumx.dll
0x00007ff8a1c00000 - 0x00007ff8a1cc2000 	C:\Program Files (x86)\NVIDIA Corporation\3D Vision\nvSCPAPI64.dll
0x00007ff8c0730000 - 0x00007ff8c0b7b000 	C:\WINDOWS\System32\SETUPAPI.dll
0x00007ff891330000 - 0x00007ff89159a000 	C:\WINDOWS\system32\nvspcap64.dll
0x00007ff8be200000 - 0x00007ff8be231000 	C:\WINDOWS\SYSTEM32\ntmarta.dll
0x00007ff8bde50000 - 0x00007ff8bde72000 	C:\WINDOWS\SYSTEM32\gpapi.dll
0x00007ff8b3e20000 - 0x00007ff8b3e4e000 	C:\WINDOWS\SYSTEM32\cryptnet.dll
0x000000005aab0000 - 0x000000005aaf7000 	E:\MyEclipse2017CI\binary\com.sun.java.jdk8.win32.x86_64_1.8.0.v112\jre\bin\fontmanager.dll
0x0000000059d80000 - 0x0000000059d9a000 	E:\MyEclipse2017CI\binary\com.sun.java.jdk8.win32.x86_64_1.8.0.v112\jre\bin\net.dll
0x00007ff8be990000 - 0x00007ff8be9f6000 	C:\WINDOWS\system32\mswsock.dll
0x0000000059d60000 - 0x0000000059d71000 	E:\MyEclipse2017CI\binary\com.sun.java.jdk8.win32.x86_64_1.8.0.v112\jre\bin\nio.dll
0x00007ff8c1300000 - 0x00007ff8c13a0000 	C:\WINDOWS\System32\clbcatq.dll
0x00007ff8bd350000 - 0x00007ff8bd4fe000 	C:\WINDOWS\SYSTEM32\WindowsCodecs.dll
0x00007ff89d140000 - 0x00007ff89d198000 	C:\WINDOWS\system32\dataexchange.dll
0x00007ff8bc1f0000 - 0x00007ff8bc4fb000 	C:\WINDOWS\system32\d3d11.dll
0x00007ff8bc930000 - 0x00007ff8bcacc000 	C:\WINDOWS\system32\dcomp.dll
0x00007ff8bded0000 - 0x00007ff8bdf8b000 	C:\WINDOWS\system32\dxgi.dll
0x00007ff8bd500000 - 0x00007ff8bd6b8000 	C:\WINDOWS\system32\twinapi.appcore.dll
0x00007ff8bd7d0000 - 0x00007ff8bd7f1000 	C:\WINDOWS\system32\RMCLIENT.dll
0x000000005aa60000 - 0x000000005aaa2000 	E:\MyEclipse2017CI\binary\com.sun.java.jdk8.win32.x86_64_1.8.0.v112\jre\bin\t2k.dll
0x00007ff8b4750000 - 0x00007ff8b47e8000 	C:\WINDOWS\System32\TextInputFramework.dll
0x00007ff8b43b0000 - 0x00007ff8b46ce000 	C:\WINDOWS\System32\CoreUIComponents.dll
0x00007ff8bce20000 - 0x00007ff8bcefa000 	C:\WINDOWS\System32\CoreMessaging.dll
0x00007ff8ba370000 - 0x00007ff8ba4bd000 	C:\WINDOWS\SYSTEM32\wintypes.dll
0x00007ff8a5730000 - 0x00007ff8a5795000 	C:\WINDOWS\system32\Ninput.dll
0x00007ff8be750000 - 0x00007ff8be80e000 	C:\WINDOWS\SYSTEM32\DNSAPI.dll
0x00007ff8c0570000 - 0x00007ff8c0578000 	C:\WINDOWS\System32\NSI.dll
0x00007ff8be710000 - 0x00007ff8be748000 	C:\WINDOWS\SYSTEM32\IPHLPAPI.DLL
0x00007ff8b9d20000 - 0x00007ff8b9d2a000 	C:\Windows\System32\rasadhlp.dll
0x00007ff8ba000000 - 0x00007ff8ba072000 	C:\WINDOWS\System32\fwpuclnt.dll
0x00007ff8b9190000 - 0x00007ff8b9359000 	C:\WINDOWS\SYSTEM32\dbghelp.dll

VM Arguments:
jvm_args: -Dfile.encoding=GBK 
java_command: tsc.view.LoginFrame
java_class_path (initial): D:\java项目\GoodsMIs\bin;D:\java项目\GoodsMIs\mysql-connector-java-5.1.36.jar;D:\java项目\GoodsMIs\jgoodies-forms-1.8.0.jar;D:\java项目\GoodsMIs\miglayout15-swing.jar;D:\java项目\GoodsMIs\miglayout-src.zip
Launcher Type: SUN_STANDARD

Environment Variables:
JAVA_HOME=C:\Program Files (x86)\Java\jdk1.8.0_144
PATH=C:\Program Files (x86)\Common Files\Oracle\Java\javapath;C:\Program Files (x86)\Common Files\Intel\Shared Libraries\redist\intel64\compiler;C:\ProgramData\Oracle\Java\javapath;C:\WINDOWS\system32;C:\WINDOWS;C:\WINDOWS\System32\Wbem;C:\WINDOWS\System32\WindowsPowerShell\v1.0\;C:\Program Files (x86)\NVIDIA Corporation\PhysX\Common;C:\Program Files (x86)\GtkSharp\2.12\bin;C:\Program Files\Microsoft SQL Server\130\Tools\Binn\;C:\WINDOWS\system32;C:\WINDOWS;C:\WINDOWS\System32\Wbem;C:\WINDOWS\System32\WindowsPowerShell\v1.0\;C:\Program Files (x86)\Microsoft SQL Server\Client SDK\ODBC\130\Tools\Binn\;C:\Program Files (x86)\Microsoft SQL Server\140\Tools\Binn\;C:\Program Files (x86)\Microsoft SQL Server\140\DTS\Binn\;C:\Program Files (x86)\Microsoft SQL Server\140\Tools\Binn\ManagementStudio\;C:\Program Files (x86)\Java\jdk1.8.0_144\bin;C:\Program Files (x86)\Java\jre1.8.0_144;C:\Program Files\dotnet\;C:\WINDOWS\System32\OpenSSH\;C:\Program Files\Microsoft SQL Server\Client SDK\ODBC\130\Tools\Binn\;C:\Program Files\Microsoft SQL Server\140\Tools\Binn\;C:\Program Files\Microsoft SQL Server\140\DTS\Binn\;C:\Users\金兆旭\AppData\Local\Microsoft\WindowsApps;C:\ProgramData\JoyseeKing\GitHubDesktop\bin;C:\Users\金兆旭\AppData\Local\atom\bin
USERNAME=JoyseeKing
OS=Windows_NT
PROCESSOR_IDENTIFIER=Intel64 Family 6 Model 94 Stepping 3, GenuineIntel



---------------  S Y S T E M  ---------------

OS: Windows 10.0 , 64 bit Build 17134 (10.0.17134.1)

CPU:total 8 (4 cores per cpu, 2 threads per core) family 6 model 94 stepping 3, cmov, cx8, fxsr, mmx, sse, sse2, sse3, ssse3, sse4.1, sse4.2, popcnt, avx, avx2, aes, clmul, erms, rtm, 3dnowpref, lzcnt, ht, tsc, tscinvbit, bmi1, bmi2, adx

Memory: 4k page, physical 8335228k(3311432k free), swap 19218132k(12247136k free)

vm_info: Java HotSpot(TM) 64-Bit Server VM (25.112-b15) for windows-amd64 JRE (1.8.0_112-b15), built on Sep 22 2016 21:31:56 by "java_re" with MS VC++ 10.0 (VS2010)

time: Thu Jul 12 10:04:30 2018
elapsed time: 468 seconds (0d 0h 7m 48s)

